Arguments: 
  C:\Program Files\nodejs\node.exe C:\Users\Administrator\AppData\Roaming\npm\node_modules\yarn\bin\yarn.js

PATH: 
  C:\WINDOWS\system32;C:\WINDOWS;C:\WINDOWS\System32\Wbem;C:\WINDOWS\System32\WindowsPowerShell\v1.0\;C:\WINDOWS\System32\OpenSSH\;C:\Program Files\nodejs\;C:\Program Files\Git\cmd;C:\Users\Administrator\AppData\Roaming\npm;C:\Users\Administrator\AppData\Local\Microsoft\WindowsApps;C:\Program Files\Bandizip\;C:\Users\Administrator\AppData\Roaming\npm;D:\vscode123\Microsoft VS Code\bin;

Yarn version: 
  1.22.5

Node version: 
  12.18.4

Platform: 
  win32 x64

Trace: 
  SyntaxError: D:\MyBoKe2020\MYBOKE\package.json: Unexpected token   in JSON at position 395
      at JSON.parse (<anonymous>)
      at C:\Users\Administrator\AppData\Roaming\npm\node_modules\yarn\lib\cli.js:1625:59
      at Generator.next (<anonymous>)
      at step (C:\Users\Administrator\AppData\Roaming\npm\node_modules\yarn\lib\cli.js:310:30)
      at C:\Users\Administrator\AppData\Roaming\npm\node_modules\yarn\lib\cli.js:321:13

npm manifest: 
  {
      "name": "blog",
      "version": "1.0.0",
      "description": "",
      "main": "index.js",
      "scripts": {
          "blog": "vuepress dev docs",
          "build": "vuepress build docs",
          "deploy": "deploy.bat"
      },
      "keywords": [],
      "author": "",
      "license": "ISC",
      "devDependencies": {
          "vuepress": "^1.2.0",
          "@vuepress-reco/vuepress-plugin-kan-ban-niang": "^1.0.5"
      },
      "dependencies": {
          "vuepress-theme-reco": "^1.5.7"
      }
  }

yarn manifest: 
  No manifest

Lockfile: 
  No lockfile
